Broadcasting queue restart signal.
Broadcasting queue restart signal.
Broadcasting queue restart signal.
Broadcasting queue restart signal.

   UnexpectedValueException  : The stream or file "/var/www/html/evius/eviusapilaravel/storage/logs/laravel.log" could not be opened: failed to open stream: Permission denied

  at /var/www/html/evius/eviusapilaravel/vendor/monolog/monolog/src/Monolog/Handler/StreamHandler.php:107
    103|             }
    104|             restore_error_handler();
    105|             if (!is_resource($this->stream)) {
    106|                 $this->stream = null;
  > 107|                 throw new \UnexpectedValueException(sprintf('The stream or file "%s" could not be opened: '.$this->errorMessage, $this->url));
    108|             }
    109|         }
    110| 
    111|         if ($this->useLocking) {

  Exception trace:

  1   Monolog\Handler\StreamHandler::write()
      /var/www/html/evius/eviusapilaravel/vendor/monolog/monolog/src/Monolog/Handler/AbstractProcessingHandler.php:37

  2   Monolog\Handler\AbstractProcessingHandler::handle()
      /var/www/html/evius/eviusapilaravel/vendor/monolog/monolog/src/Monolog/Logger.php:337

  Please use the argument -v to see more details.
